<?xml version="1.0" encoding="UTF-8" ?>
<testsuite tests="48" failures="0" name="calendar.ApptTest" time="0.005" errors="0" skipped="0">
  <properties>
[...]
</properties>
  <testcase classname="calendar.ApptTest" name="testCompareToValue" time="0.005"/>
  <testcase classname="calendar.ApptTest" name="testTrueHour" time="0"/>
  <testcase classname="calendar.ApptTest" name="testFalseMonth" time="0"/>
  <testcase classname="calendar.ApptTest" name="appointmentMade" time="0"/>
  <testcase classname="calendar.ApptTest" name="testTrueDay" time="0"/>
  <testcase classname="calendar.ApptTest" name="testFalseHour" time="0"/>
  <testcase classname="calendar.ApptTest" name="testFalseYear" time="0"/>
  <testcase classname="calendar.ApptTest" name="testDesc" time="0"/>
  <testcase classname="calendar.ApptTest" name="testSetDescription" time="0"/>
  <testcase classname="calendar.ApptTest" name="testRecurrenceInc" time="0"/>
  <testcase classname="calendar.ApptTest" name="testRecurrencept2" time="0"/>
  <testcase classname="calendar.ApptTest" name="testCompareTo" time="0"/>
  <testcase classname="calendar.ApptTest" name="getDayWrong" time="0"/>
  <testcase classname="calendar.ApptTest" name="testRecurArr" time="0"/>
  <testcase classname="calendar.ApptTest" name="testRecurInc" time="0"/>
  <testcase classname="calendar.ApptTest" name="getYear" time="0"/>
  <testcase classname="calendar.ApptTest" name="setnullDescription" time="0"/>
  <testcase classname="calendar.ApptTest" name="testFalseDayZero" time="0"/>
  <testcase classname="calendar.ApptTest" name="getMinute" time="0"/>
  <testcase classname="calendar.ApptTest" name="getValidDay" time="0"/>
  <testcase classname="calendar.ApptTest" name="testRecurrenceBy" time="0"/>
  <testcase classname="calendar.ApptTest" name="testFalseHourChangeCondition" time="0"/>
  <testcase classname="calendar.ApptTest" name="getdayTrue" time="0"/>
  <testcase classname="calendar.ApptTest" name="getHourWrong" time="0"/>
  <testcase classname="calendar.ApptTest" name="WrongAppointment" time="0"/>
  <testcase classname="calendar.ApptTest" name="testRecurrence" time="0"/>
  <testcase classname="calendar.ApptTest" name="testSetMinute" time="0"/>
  <testcase classname="calendar.ApptTest" name="getMinuteWrong" time="0"/>
  <testcase classname="calendar.ApptTest" name="testToStringNotNull" time="0"/>
  <testcase classname="calendar.ApptTest" name="testFalseMinuteNxt" time="0"/>
  <testcase classname="calendar.ApptTest" name="testFalseDay" time="0"/>
  <testcase classname="calendar.ApptTest" name="testFalseMinute" time="0"/>
  <testcase classname="calendar.ApptTest" name="testSetHour" time="0"/>
  <testcase classname="calendar.ApptTest" name="testSetYear" time="0"/>
  <testcase classname="calendar.ApptTest" name="testToStringNull" time="0"/>
  <testcase classname="calendar.ApptTest" name="testIsRecurring" time="0"/>
  <testcase classname="calendar.ApptTest" name="testNullTitle" time="0"/>
  <testcase classname="calendar.ApptTest" name="testSetDay" time="0"/>
  <testcase classname="calendar.ApptTest" name="testSetNullDescription" time="0"/>
  <testcase classname="calendar.ApptTest" name="RightAppointment" time="0"/>
  <testcase classname="calendar.ApptTest" name="getStartingHour" time="0"/>
  <testcase classname="calendar.ApptTest" name="testRecurrenceNumber" time="0"/>
  <testcase classname="calendar.ApptTest" name="testTrueMinute" time="0"/>
  <testcase classname="calendar.ApptTest" name="getDescription" time="0"/>
  <testcase classname="calendar.ApptTest" name="getTitle" time="0"/>
  <testcase classname="calendar.ApptTest" name="testTrueMonth" time="0"/>
  <testcase classname="calendar.ApptTest" name="testSetMonth" time="0"/>
  <testcase classname="calendar.ApptTest" name="testSetTitle" time="0"/>
</testsuite>