GROUP,PACKAGE,CLASS,INSTRUCTION_MISSED,INSTRUCTION_COVERED,BRANCH_MISSED,BRANCH_COVERED,LINE_MISSED,LINE_COVERED,COMPLEXITY_MISSED,COMPLEXITY_COVERED,METHOD_MISSED,METHOD_COVERED
Calendar,calendar,CalendarMain,420,0,24,0,89,0,14,0,2,0
Calendar,calendar,DateOutOfRangeException,7,0,0,0,4,0,2,0,2,0
Calendar,calendar,Appt,67,277,12,20,14,78,14,32,2,28
Calendar,calendar,CalDay,26,178,10,8,7,46,9,15,1,14
Calendar,calendar,CalendarUtil,12,67,4,2,3,6,4,3,1,3
Calendar,calendar,TimeTable,47,257,16,34,11,69,13,19,0,6
